[technoraxv9.netlify.app/index.html]
[backblue.gif]
[fade.gif]
[index.html]
[apply.devfolio.co/v2/sdk.js]
[technoraxv9.netlify.app/style.css]
[technoraxv9.netlify.app/css.css]
[kit.fontawesome.com/e5493f8028.js]
[technoraxv9.netlify.app/conference-html-template.webflow.0b06d02f6.css]
[technoraxv9.netlify.app/index.css]
[technoraxv9.netlify.app/assets/css/swiper.min.css]
[cdnjs.cloudflare.com/ajax/libs/gsap/3.12.2/gsap.min.js]
[cdnjs.cloudflare.com/ajax/libs/gsap/3.12.2/ScrollTrigger.min.js]
[technoraxv9.netlify.app/horizontalScroll.9.delayed]
[technoraxv9.netlify.app/L2.png]
[technoraxv9.netlify.app/ajax.googleapis.com/ajax/libs/webfont/1.6.26/webfont.b.delayed]
[technoraxv9.netlify.app/fonts.googleapis.com/css.c21c1.delayed]
[technoraxv9.netlify.app/assets.website-files.com/5d70f6f0c8ca5de04b4392d5/5d7b9e8e1e2e7df3ef470640_fav-32.d.delayed]
[technoraxv9.netlify.app/assets.website-files.com/5d70f6f0c8ca5de04b4392d5/5d7b9e9158b7f62e91fb085b_fav-256.e.delayed]
[cdn.jsdelivr.net/npm/splitting@1.0.6/dist/splitting.min.css]
[cdn.jsdelivr.net/npm/splitting@1.0.6/dist/splitting-cells.css]
[technoraxv9.netlify.app/muse/style.css]
[d3e54v103j8qbb.cloudfront.net/js/jquery-3.5.1.min.dc5e7f18c8d1b3.js]
[technoraxv9.netlify.app/script.13.delayed]
[technoraxv9.netlify.app/google.14.delayed]
[technoraxv9.netlify.app/images/About/IMG_0156.jpg]
[technoraxv9.netlify.app/images/About/IMG_0267.jpg]
[technoraxv9.netlify.app/images/About/IMG_0272.jpg]
[technoraxv9.netlify.app/images/About/IMG_0030.jpg]
[technoraxv9.netlify.app/images/About/IMG_0123.jpg]
[technoraxv9.netlify.app/project/portrat-einer-dame-1916-1917.1a.delayed]
[technoraxv9.netlify.app/images/GET SET, REGISTER, GO!.gif]
[technoraxv9.netlify.app/jquery-3.5.1.min.dc5e7f18c88e9c.js]
[technoraxv9.netlify.app/webflow.bdb12a2e7.js]
[technoraxv9.netlify.app/images/22.jpg]
[technoraxv9.netlify.app/project/red-flamingoes-concealing-coloration-in-the-animal-kingdom-ca-1905-1909.1f.delayed]
[technoraxv9.netlify.app/project/monkeys-and-parrot-in-the-virgin-forest-ca-1905-1906.20.delayed]
[technoraxv9.netlify.app/muse/s.js]
[technoraxv9.netlify.app/muse/script.js]
[technoraxv9.netlify.app/images/nikunj.png]
[technoraxv9.netlify.app/images/praveen.png]
[technoraxv9.netlify.app/assets/images/training/bharatnatiyam.25.delayed]
[technoraxv9.netlify.app/assets/js/jquery.js]
[technoraxv9.netlify.app/assets/js/swiper.min.js]
[technoraxv9.netlify.app/assets/js/lightcase.js]
[technoraxv9.netlify.app/assets/js/aos.js]
[technoraxv9.netlify.app/assets/js/jquery.nice-select.js]
[technoraxv9.netlify.app/assets/js/jquery.paroller.min.js]
[technoraxv9.netlify.app/assets/js/jquery.countdown.min.js]
[technoraxv9.netlify.app/assets/js/main.js]
[technoraxv9.netlify.app/images/Sponsors/devfolio.png]
[technoraxv9.netlify.app/images/Sponsors/polygon.png]
[technoraxv9.netlify.app/images/Sponsors/solana.png]
[technoraxv9.netlify.app/images/Sponsors/filecoin.png]
[technoraxv9.netlify.app/images/Sponsors/replit.png]
[technoraxv9.netlify.app/images/Sponsors/codingninjas.png]
[technoraxv9.netlify.app/images/Sponsors/InterviewBuddy.png]
[technoraxv9.netlify.app/images/Sponsors/yhills.jpg]
[technoraxv9.netlify.app/Images/Sponsors/insi.png]
[technoraxv9.netlify.app/ieeeadgitm.37.delayed]
[technoraxv9.netlify.app/L1.png]
[technoraxv9.netlify.app/index.html]
[technoraxv9.netlify.app/fonts.googleapis.com/css21c1.html]
[technoraxv9.netlify.app/google.html]
[technoraxv9.netlify.app/project/portrat-einer-dame-1916-1917.html]
[technoraxv9.netlify.app/project/red-flamingoes-concealing-coloration-in-the-animal-kingdom-ca-1905-1909.html]
[technoraxv9.netlify.app/project/monkeys-and-parrot-in-the-virgin-forest-ca-1905-1906.html]
[technoraxv9.netlify.app/ieeeadgitm.html]
[d3e54v103j8qbb.cloudfront.net/js/jquery-3.5.1.min.dc5e7f18c8d1b3.js]
[cdnjs.cloudflare.com/ajax/libs/gsap/3.12.2/ScrollTrigger.min.js]
[cdnjs.cloudflare.com/ajax/libs/gsap/3.12.2/gsap.min.js]
[d3e54v103j8qbb.cloudfront.net/img/background-image.svg]
[technoraxv9.netlify.app/back.3b.delayed]
[technoraxv9.netlify.app/real.3c.delayed]
[technoraxv9.netlify.app/digital.3d.delayed]
[technoraxv9.netlify.app/customer.3e.delayed]
[technoraxv9.netlify.app/truck.3f.delayed]
[technoraxv9.netlify.app/admin.40.delayed]
[technoraxv9.netlify.app/meal.41.delayed]
[technoraxv9.netlify.app/legal.42.delayed]
[uploads-ssl.webflow.com/6479a4e98bf5dcb4a6899ae0/6479a4e98bf5dcb4a6899cdb_home-3d-icon.png]
[uploads-ssl.webflow.com/6479a4e98bf5dcb4a6899ae0/6479a4e98bf5dcb4a6899cbe_m-3d-icon.png]
[uploads-ssl.webflow.com/6479a4e98bf5dcb4a6899ae0/6479a4e98bf5dcb4a6899cd3_round-3d-icon.png]
[uploads-ssl.webflow.com/6479a4e98bf5dcb4a6899ae0/6479a4e98bf5dcb4a6899cd6_line-3d-icon.png]
[uploads-ssl.webflow.com/6479a4e98bf5dcb4a6899ae0/6479a4e98bf5dcb4a6899cce_smile-3d-icon.png]
[uploads-ssl.webflow.com/6479a4e98bf5dcb4a6899ae0/6479a4e98bf5dcb4a6899ce3_cube-3d-icon.png]
[technoraxv9.netlify.app/back1.49.delayed]
[technoraxv9.netlify.app/images/Banner/1.4a.delayed]
[technoraxv9.netlify.app/assistant.4b.delayed]
[uploads-ssl.webflow.com/6479a4e98bf5dcb4a6899ae0/6479a4e98bf5dcb4a6899ca4_wirframing-hand-moving-pins-web-design.jpg]
[uploads-ssl.webflow.com/6479a4e98bf5dcb4a6899ae0/6479a4e98bf5dcb4a6899c97_learning-client-meeting.jpg]
[uploads-ssl.webflow.com/6479a4e98bf5dcb4a6899ae0/6479a4e98bf5dcb4a6899cb3_making-sketching-logos-desk.jpg]
[uploads-ssl.webflow.com/6479a4e98bf5dcb4a6899ae0/6479a4e98bf5dcb4a6899d09_img-bg-1.jpg]
[uploads-ssl.webflow.com/6479a4e98bf5dcb4a6899ae0/6479a4e98bf5dcb4a6899cf4_logo 2.svg]
[uploads-ssl.webflow.com/6479a4e98bf5dcb4a6899ae0/6479a4e98bf5dcb4a6899c9c_portfolio thumbnail-06.jpg]
[uploads-ssl.webflow.com/6479a4e98bf5dcb4a6899ae0/6479a4e98bf5dcb4a6899ca7_work-protecto-thumbnail.jpg]
[technoraxv9.netlify.app/style.css]
[technoraxv9.netlify.app/css.css]
[assets.website-files.com/5d70f6f0c8ca5de04b4392d5/5d70f6f0c8ca5df0ef43934a_quote-purple-2.svg]
[assets.website-files.com/5d70f6f0c8ca5de04b4392d5/5d70f6f0c8ca5d1d154392f6_image-placeholder-transparent.gif]
[assets.website-files.com/5d70f6f0c8ca5de04b4392d5/5d7a667ce5f68d32b17c92ee_conference-website-template-04.jpg]
[assets.website-files.com/5d70f6f0c8ca5de04b4392d5/5d73ccfc7149d510cf011063_landing-onepage-website-template-05.jpg]
[assets.website-files.com/5d70f6f0c8ca5de04b4392d5/5d7a6191e21ac9c697044594_conference-website-template-01.jpg]
[assets.website-files.com/5d70f6f0c8ca5de04b4392d5/5d7a6354a637b3e348b7e3e0_conference-website-template-03.jpg]
[assets.website-files.com/5d70f6f0c8ca5de04b4392d5/5d73a0177288d504d2361a10_landing-onepage-website-template-02.jpg]
[assets.website-files.com/5d70f6f0c8ca5de04b4392d5/5d7b8c59f5b5b2ce4abb032e_Orion_world-map.svg]
[assets.website-files.com/5d70f6f0c8ca5de04b4392d5/5d73da5c34bd366fb6e0d217_landing-onepage-website-template-08.png]
[assets.website-files.com/5d70f6f0c8ca5de04b4392d5/5d73da5c7149d511b9015edc_landing-onepage-website-template-10.png]
[assets.website-files.com/5d70f6f0c8ca5de04b4392d5/5d73da5c42881e0dd2f30510_landing-onepage-website-template-12.png]
[assets.website-files.com/5d70f6f0c8ca5de04b4392d5/5d70f6f0c8ca5d0dd4439342_iconfinder_server-2_4417099.svg]
[assets.website-files.com/5d70f6f0c8ca5de04b4392d5/616008994c18cd2f3adb7481_shape-yellow.svg]
[technoraxv9.netlify.app/conference-html-template.webflow.0b06d02f6.css]
[assets.website-files.com/5d70f6f0c8ca5de04b4392d5/616008b4e97b0aa16113d59d_shape-purple.svg]
[technoraxv9.netlify.app/images/tech.png]
[technoraxv9.netlify.app/assets/fonts/Blanka-Regular.otf]
[technoraxv9.netlify.app/team_images/anshika.jpg]
[technoraxv9.netlify.app/team_images/kurra.jpg]
[technoraxv9.netlify.app/team_images/Nehal.jpg]
[technoraxv9.netlify.app/team_images/jatin.jpg]
[technoraxv9.netlify.app/team_images/simran.jpg]
[technoraxv9.netlify.app/team_images/sarthak.jpg]
[technoraxv9.netlify.app/team_images/vinof.jpg]
[technoraxv9.netlify.app/index.css]
[technoraxv9.netlify.app/assets/css/swiper.min.css]
[technoraxv9.netlify.app/horizontalScroll.html]
[technoraxv9.netlify.app/ajax.googleapis.com/ajax/libs/webfont/1.6.26/webfont.html]
[technoraxv9.netlify.app/assets.website-files.com/5d70f6f0c8ca5de04b4392d5/5d7b9e8e1e2e7df3ef470640_fav-32.html]
[technoraxv9.netlify.app/assets.website-files.com/5d70f6f0c8ca5de04b4392d5/5d7b9e9158b7f62e91fb085b_fav-256.html]
[cdn.jsdelivr.net/npm/splitting@1.0.6/dist/splitting.min.css]
[technoraxv9.netlify.app/muse/style.css]
[cdn.jsdelivr.net/npm/splitting@1.0.6/dist/splitting-cells.css]
[technoraxv9.netlify.app/script.html]
[technoraxv9.netlify.app/project/portrat-einer-dame-1916-1917.html]
[technoraxv9.netlify.app/project/red-flamingoes-concealing-coloration-in-the-animal-kingdom-ca-1905-1909.html]
[technoraxv9.netlify.app/assets/images/training/bharatnatiyam.html]
[technoraxv9.netlify.app/ieeeadgitm.html]
[d3e54v103j8qbb.cloudfront.net/static/custom-checkbox-checkmark.589d534424.svg]
[d3e54v103j8qbb.cloudfront.net/img/background-image.svg]
[technoraxv9.netlify.app/back.html]
[technoraxv9.netlify.app/real.html]
[technoraxv9.netlify.app/digital.html]
[technoraxv9.netlify.app/customer.html]
[technoraxv9.netlify.app/truck.html]
[technoraxv9.netlify.app/admin.html]
[technoraxv9.netlify.app/meal.html]
[technoraxv9.netlify.app/legal.html]
[technoraxv9.netlify.app/back1.html]
[technoraxv9.netlify.app/images/Banner/1.html]
[technoraxv9.netlify.app/assistant.html]
[uploads-ssl.webflow.com/6479a4e98bf5dcb4a6899ae0/6479a4e98bf5dcb4a6899cf4_logo 2.svg]
[assets.website-files.com/5d70f6f0c8ca5de04b4392d5/5d70f6f0c8ca5df0ef43934a_quote-purple-2.svg]
[assets.website-files.com/5d70f6f0c8ca5de04b4392d5/5d7b8c59f5b5b2ce4abb032e_Orion_world-map.svg]
[assets.website-files.com/5d70f6f0c8ca5de04b4392d5/5d70f6f0c8ca5d0dd4439342_iconfinder_server-2_4417099.svg]
[assets.website-files.com/5d70f6f0c8ca5de04b4392d5/5d73a8da34bd362675e01bb1_twitter-white.svg]
[assets.website-files.com/5d70f6f0c8ca5de04b4392d5/5d73a8da34bd366c12e01bb0_linkedin-white.svg]
[assets.website-files.com/5d70f6f0c8ca5de04b4392d5/5d73a8da34bd3630a6e01bb3_facebook-white.svg]
[assets.website-files.com/5d70f6f0c8ca5de04b4392d5/616008994c18cd2f3adb7481_shape-yellow.svg]
[assets.website-files.com/5d70f6f0c8ca5de04b4392d5/616008b4e97b0aa16113d59d_shape-purple.svg]
